 2015-07-31 21:51:56,976 [main] DEBUG com.baidu.pikaq.core.db.commit.executor.CommitExecutorBaseImpl - Submitting new runnable com.baidu.pikaq.client.producer.gateway.impl.PikaQGatewayDefaultImpl$3@27da6356 to run around commit
 2015-07-31 21:51:56,981 [main] DEBUG com.baidu.pikaq.core.db.commit.executor.CommitExecutorBaseImpl - Submitting new runnable com.baidu.pikaq.client.producer.gateway.impl.PikaQGatewayDefaultImpl$1@679cf842 to run around commit
 2015-07-31 21:51:56,982 [main] DEBUG com.baidu.pikaq.core.db.commit.executor.BeforeCommitExecutorDefaultImpl - Transaction beforeCommit, executing 1 runnables
 2015-07-31 21:51:56,982 [main] DEBUG com.baidu.pikaq.core.db.commit.executor.BeforeCommitExecutorDefaultImpl - Executing runnable com.baidu.pikaq.client.producer.gateway.impl.PikaQGatewayDefaultImpl$3@27da6356
 2015-07-31 21:51:56,984 [main] DEBUG com.baidu.pikaq.core.db.store.impl.DbStoreProducerResolver - save pikaq data to db.
 2015-07-31 21:51:57,026 [main] DEBUG com.baidu.pikaq.core.db.commit.executor.BeforeCommitExecutorDefaultImpl - Transaction beforeCompletion
 2015-07-31 21:51:57,027 [main] DEBUG com.baidu.pikaq.core.db.commit.executor.AfterCommitExecutorDefaultImpl - Transaction successfully committed, executing 1 runnables
 2015-07-31 21:51:57,027 [main] DEBUG com.baidu.pikaq.core.db.commit.executor.AfterCommitExecutorDefaultImpl - Executing runnable com.baidu.pikaq.client.producer.gateway.impl.PikaQGatewayDefaultImpl$1@679cf842
 2015-07-31 21:51:57,028 [main] DEBUG com.baidu.pikaq.core.db.commit.executor.AfterCommitExecutorDefaultImpl - Transaction completed with status COMMITTED
 2015-07-31 21:51:57,030 [main] INFO  com.baidu.pikaq.client.test.tests.simpletest.PikaQSendTestCase - MockObject{correlation='2225690d-4e92-4ad1-8138-ef07bb6a6c89', object=CampaignPikaMessage{price=9000567, name='campaign9000567'}}
 2015-07-31 21:51:57,042 [main] DEBUG com.baidu.pikaq.core.db.commit.executor.CommitExecutorBaseImpl - Submitting new runnable com.baidu.pikaq.client.producer.gateway.impl.PikaQGatewayDefaultImpl$3@41480a1f to run around commit
 2015-07-31 21:51:57,042 [main] DEBUG com.baidu.pikaq.core.db.commit.executor.CommitExecutorBaseImpl - Submitting new runnable com.baidu.pikaq.client.producer.gateway.impl.PikaQGatewayDefaultImpl$1@60909ab4 to run around commit
 2015-07-31 21:51:57,043 [main] DEBUG com.baidu.pikaq.core.db.commit.executor.BeforeCommitExecutorDefaultImpl - Transaction beforeCommit, executing 1 runnables
 2015-07-31 21:51:57,043 [main] DEBUG com.baidu.pikaq.core.db.commit.executor.BeforeCommitExecutorDefaultImpl - Executing runnable com.baidu.pikaq.client.producer.gateway.impl.PikaQGatewayDefaultImpl$3@41480a1f
 2015-07-31 21:51:57,043 [main] DEBUG com.baidu.pikaq.core.db.store.impl.DbStoreProducerResolver - save pikaq data to db.
 2015-07-31 21:51:57,045 [main] DEBUG com.baidu.pikaq.core.db.commit.executor.BeforeCommitExecutorDefaultImpl - Transaction beforeCompletion
 2015-07-31 21:51:57,045 [main] DEBUG com.baidu.pikaq.core.db.commit.executor.AfterCommitExecutorDefaultImpl - Transaction successfully committed, executing 1 runnables
 2015-07-31 21:51:57,045 [main] DEBUG com.baidu.pikaq.core.db.commit.executor.AfterCommitExecutorDefaultImpl - Executing runnable com.baidu.pikaq.client.producer.gateway.impl.PikaQGatewayDefaultImpl$1@60909ab4
 2015-07-31 21:51:57,045 [main] DEBUG com.baidu.pikaq.core.db.commit.executor.AfterCommitExecutorDefaultImpl - Transaction completed with status COMMITTED
 2015-07-31 21:51:57,112 [main] DEBUG com.baidu.pikaq.core.db.commit.executor.CommitExecutorBaseImpl - Submitting new runnable com.baidu.pikaq.client.producer.gateway.impl.PikaQGatewayDefaultImpl$3@7265df23 to run around commit
 2015-07-31 21:51:57,113 [main] DEBUG com.baidu.pikaq.core.db.commit.executor.CommitExecutorBaseImpl - Submitting new runnable com.baidu.pikaq.client.producer.gateway.impl.PikaQGatewayDefaultImpl$1@7e1cad81 to run around commit
 2015-07-31 21:51:57,114 [main] DEBUG com.baidu.pikaq.core.db.commit.executor.BeforeCommitExecutorDefaultImpl - Transaction beforeCommit, executing 1 runnables
 2015-07-31 21:51:57,115 [main] DEBUG com.baidu.pikaq.core.db.commit.executor.BeforeCommitExecutorDefaultImpl - Executing runnable com.baidu.pikaq.client.producer.gateway.impl.PikaQGatewayDefaultImpl$3@7265df23
 2015-07-31 21:51:57,117 [main] DEBUG com.baidu.pikaq.core.db.store.impl.DbStoreProducerResolver - save pikaq data to db.
 2015-07-31 21:51:57,122 [main] DEBUG com.baidu.pikaq.core.db.commit.executor.BeforeCommitExecutorDefaultImpl - Transaction beforeCompletion
 2015-07-31 21:51:57,123 [main] DEBUG com.baidu.pikaq.core.db.commit.executor.AfterCommitExecutorDefaultImpl - Transaction successfully committed, executing 1 runnables
 2015-07-31 21:51:57,123 [main] DEBUG com.baidu.pikaq.core.db.commit.executor.AfterCommitExecutorDefaultImpl - Executing runnable com.baidu.pikaq.client.producer.gateway.impl.PikaQGatewayDefaultImpl$1@7e1cad81
 2015-07-31 21:51:57,124 [main] DEBUG com.baidu.pikaq.core.db.commit.executor.AfterCommitExecutorDefaultImpl - Transaction completed with status COMMITTED
 2015-07-31 21:51:57,126 [main] INFO  com.baidu.pikaq.client.test.tests.simpletest.PikaQCreateTestCase - checking Db data.......
 2015-07-31 21:51:57,143 [main] INFO  com.baidu.pikaq.client.test.tests.simpletest.PikaQCreateTestCase - Campaign{price=9371343, name='campaign9371343', createTime='20150731215157', updateTime=''}
 2015-07-31 21:51:57,143 [main] INFO  com.baidu.pikaq.client.test.tests.simpletest.PikaQCreateTestCase - checking Q data.......
 2015-07-31 21:51:57,143 [main] INFO  com.baidu.pikaq.client.test.tests.simpletest.PikaQCreateTestCase - MockObject{correlation='ea6f5321-a369-49a8-a8e4-2ebb0e95941c', object=CampaignPikaMessage{price=5760265, name='campaign5760265'}}
 2015-07-31 21:51:57,146 [main] INFO  com.baidu.pikaq.client.test.tests.simpletest.PikaQCreateTestCase - PikaData{correlation='ea6f5321-a369-49a8-a8e4-2ebb0e95941c', createTime='20150731215157', updateTime='20150731215157', data='{"name":"campaign5760265","price":5760265}', status=0, infoMsg='', consumeTime=0, retryCount=0, exchange='pikaQWebDemoExchange', routerKey='logMessageInfo.info'}
 2015-07-31 21:51:57,155 [main] DEBUG com.baidu.pikaq.core.db.commit.executor.CommitExecutorBaseImpl - Submitting new runnable com.baidu.pikaq.client.producer.gateway.impl.PikaQGatewayDefaultImpl$3@2b547961 to run around commit
 2015-07-31 21:51:57,156 [main] DEBUG com.baidu.pikaq.core.db.commit.executor.CommitExecutorBaseImpl - Submitting new runnable com.baidu.pikaq.client.producer.gateway.impl.PikaQGatewayDefaultImpl$1@36ece580 to run around commit
 2015-07-31 21:51:57,156 [main] INFO  com.baidu.pikaq.client.test.tests.simpletest.PikaQCreateTestCase - checking Db data.......
 2015-07-31 21:51:57,157 [main] INFO  com.baidu.pikaq.client.test.tests.simpletest.PikaQCreateTestCase - Campaign{price=9371343, name='campaign9371343', createTime='20150731215157', updateTime=''}
 2015-07-31 21:51:57,157 [main] INFO  com.baidu.pikaq.client.test.tests.simpletest.PikaQCreateTestCase - checking Q data.......
 2015-07-31 21:51:57,157 [main] INFO  com.baidu.pikaq.client.test.tests.simpletest.PikaQCreateTestCase - MockObject{correlation='2d5fd05b-18c0-4bb3-97c3-b57c7c43507f', object=CampaignPikaMessage{price=9371343, name='campaign9371343'}}
 2015-07-31 21:51:57,158 [main] INFO  com.baidu.pikaq.client.test.tests.simpletest.PikaQCreateTestCase - PikaData{correlation='2d5fd05b-18c0-4bb3-97c3-b57c7c43507f', createTime='20150731215157', updateTime='20150731215157', data='{"name":"campaign9371343","price":9371343}', status=0, infoMsg='', consumeTime=0, retryCount=0, exchange='pikaQWebDemoExchange', routerKey='logMessageInfo.info'}
 2015-07-31 21:51:57,158 [main] DEBUG com.baidu.pikaq.core.db.commit.executor.BeforeCommitExecutorDefaultImpl - Transaction beforeCommit, executing 1 runnables
 2015-07-31 21:51:57,158 [main] DEBUG com.baidu.pikaq.core.db.commit.executor.BeforeCommitExecutorDefaultImpl - Executing runnable com.baidu.pikaq.client.producer.gateway.impl.PikaQGatewayDefaultImpl$3@2b547961
 2015-07-31 21:51:57,158 [main] DEBUG com.baidu.pikaq.core.db.store.impl.DbStoreProducerResolver - save pikaq data to db.
 2015-07-31 21:51:57,160 [main] DEBUG com.baidu.pikaq.core.db.commit.executor.BeforeCommitExecutorDefaultImpl - Transaction beforeCompletion
 2015-07-31 21:51:57,160 [main] DEBUG com.baidu.pikaq.core.db.commit.executor.AfterCommitExecutorDefaultImpl - Transaction successfully committed, executing 1 runnables
 2015-07-31 21:51:57,160 [main] DEBUG com.baidu.pikaq.core.db.commit.executor.AfterCommitExecutorDefaultImpl - Executing runnable com.baidu.pikaq.client.producer.gateway.impl.PikaQGatewayDefaultImpl$1@36ece580
 2015-07-31 21:51:57,160 [main] DEBUG com.baidu.pikaq.core.db.commit.executor.AfterCommitExecutorDefaultImpl - Transaction completed with status COMMITTED
 2015-07-31 21:51:57,219 [main] DEBUG com.baidu.pikaq.core.db.commit.executor.CommitExecutorBaseImpl - Submitting new runnable com.baidu.pikaq.client.producer.gateway.impl.PikaQGatewayDefaultImpl$3@35939e4a to run around commit
 2015-07-31 21:51:57,219 [main] DEBUG com.baidu.pikaq.core.db.commit.executor.CommitExecutorBaseImpl - Submitting new runnable com.baidu.pikaq.client.producer.gateway.impl.PikaQGatewayDefaultImpl$1@5abce6eb to run around commit
 2015-07-31 21:51:57,220 [main] DEBUG com.baidu.pikaq.core.db.commit.executor.BeforeCommitExecutorDefaultImpl - Transaction beforeCommit, executing 1 runnables
 2015-07-31 21:51:57,220 [main] DEBUG com.baidu.pikaq.core.db.commit.executor.BeforeCommitExecutorDefaultImpl - Executing runnable com.baidu.pikaq.client.producer.gateway.impl.PikaQGatewayDefaultImpl$3@35939e4a
 2015-07-31 21:51:57,220 [main] DEBUG com.baidu.pikaq.core.db.store.impl.DbStoreProducerResolver - save pikaq data to db.
 2015-07-31 21:51:57,221 [main] DEBUG com.baidu.pikaq.core.db.commit.executor.BeforeCommitExecutorDefaultImpl - Transaction beforeCompletion
 2015-07-31 21:51:57,221 [main] DEBUG com.baidu.pikaq.core.db.commit.executor.AfterCommitExecutorDefaultImpl - Transaction successfully committed, executing 1 runnables
 2015-07-31 21:51:57,221 [main] DEBUG com.baidu.pikaq.core.db.commit.executor.AfterCommitExecutorDefaultImpl - Executing runnable com.baidu.pikaq.client.producer.gateway.impl.PikaQGatewayDefaultImpl$1@5abce6eb
 2015-07-31 21:51:57,222 [main] DEBUG com.baidu.pikaq.core.db.store.impl.DbStoreProducerResolver - pikaq data encounter error: java.lang.RuntimeException: oh ... no ... pikaQ throw exception
 2015-07-31 21:51:57,225 [main] DEBUG com.baidu.pikaq.core.db.commit.executor.AfterCommitExecutorDefaultImpl - Transaction completed with status COMMITTED
 2015-07-31 21:51:57,229 [main] DEBUG com.baidu.pikaq.core.db.commit.executor.CommitExecutorBaseImpl - Submitting new runnable com.baidu.pikaq.client.producer.gateway.impl.PikaQGatewayDefaultImpl$3@7dd4912c to run around commit
 2015-07-31 21:51:57,230 [main] DEBUG com.baidu.pikaq.core.db.commit.executor.CommitExecutorBaseImpl - Submitting new runnable com.baidu.pikaq.client.producer.gateway.impl.PikaQGatewayDefaultImpl$1@e87203e to run around commit
 2015-07-31 21:51:57,230 [main] INFO  com.baidu.pikaq.client.test.tests.simpletest.error.PikaQCreateQErrorTestCase - checking Db data.......
 2015-07-31 21:51:57,231 [main] INFO  com.baidu.pikaq.client.test.tests.simpletest.error.PikaQCreateQErrorTestCase - Campaign{price=672271, name='campaign672271', createTime='20150731215157', updateTime=''}
 2015-07-31 21:51:57,231 [main] INFO  com.baidu.pikaq.client.test.tests.simpletest.error.PikaQCreateQErrorTestCase - checking Q data.......
 2015-07-31 21:51:57,232 [main] DEBUG com.baidu.pikaq.core.db.commit.executor.BeforeCommitExecutorDefaultImpl - Transaction beforeCommit, executing 1 runnables
 2015-07-31 21:51:57,232 [main] DEBUG com.baidu.pikaq.core.db.commit.executor.BeforeCommitExecutorDefaultImpl - Executing runnable com.baidu.pikaq.client.producer.gateway.impl.PikaQGatewayDefaultImpl$3@7dd4912c
 2015-07-31 21:51:57,233 [main] DEBUG com.baidu.pikaq.core.db.store.impl.DbStoreProducerResolver - save pikaq data to db.
 2015-07-31 21:51:57,236 [main] DEBUG com.baidu.pikaq.core.db.commit.executor.BeforeCommitExecutorDefaultImpl - Transaction beforeCompletion
 2015-07-31 21:51:57,238 [main] DEBUG com.baidu.pikaq.core.db.commit.executor.AfterCommitExecutorDefaultImpl - Transaction successfully committed, executing 1 runnables
 2015-07-31 21:51:57,240 [main] DEBUG com.baidu.pikaq.core.db.commit.executor.AfterCommitExecutorDefaultImpl - Executing runnable com.baidu.pikaq.client.producer.gateway.impl.PikaQGatewayDefaultImpl$1@e87203e
 2015-07-31 21:51:57,240 [main] DEBUG com.baidu.pikaq.core.db.store.impl.DbStoreProducerResolver - pikaq data encounter error: java.lang.RuntimeException: oh ... no ... pikaQ throw exception
 2015-07-31 21:51:57,243 [main] DEBUG com.baidu.pikaq.core.db.commit.executor.AfterCommitExecutorDefaultImpl - Transaction completed with status COMMITTED
 2015-07-31 21:51:57,259 [main] INFO  com.baidu.pikaq.client.test.tests.simpletest.PIkaQUpdateTestCase - Campaign{price=343434, name='demo', createTime='', updateTime='20150720150835'}
 2015-07-31 21:51:57,263 [main] DEBUG com.baidu.pikaq.core.db.commit.executor.CommitExecutorBaseImpl - Submitting new runnable com.baidu.pikaq.client.producer.gateway.impl.PikaQGatewayDefaultImpl$1@200002f6 to run around commit
 2015-07-31 21:51:57,264 [main] DEBUG com.baidu.pikaq.core.db.commit.executor.AfterCommitExecutorDefaultImpl - Transaction successfully committed, executing 1 runnables
 2015-07-31 21:51:57,264 [main] DEBUG com.baidu.pikaq.core.db.commit.executor.AfterCommitExecutorDefaultImpl - Executing runnable com.baidu.pikaq.client.producer.gateway.impl.PikaQGatewayDefaultImpl$1@200002f6
 2015-07-31 21:51:57,265 [main] DEBUG com.baidu.pikaq.core.db.commit.executor.AfterCommitExecutorDefaultImpl - Transaction completed with status COMMITTED
 2015-07-31 21:51:57,265 [main] INFO  com.baidu.pikaq.client.test.tests.simpletest.PIkaQUpdateTestCase - checking Q data.......
 2015-07-31 21:51:57,265 [main] INFO  com.baidu.pikaq.client.test.tests.simpletest.PIkaQUpdateTestCase - MockObject{correlation='33a354d7-f610-4a27-a937-31f0c44bbb29', object=CampaignPikaMessage{price=19114, name='demo'}}
 2015-07-31 21:51:57,266 [main] INFO  com.baidu.pikaq.client.test.tests.simpletest.PIkaQUpdateTestCase - checking Db data.......
 2015-07-31 21:51:57,268 [main] INFO  com.baidu.pikaq.client.test.tests.simpletest.PIkaQUpdateTestCase - Campaign{price=19114, name='demo', createTime='', updateTime='20150731215157'}
 2015-07-31 21:51:57,326 [main] INFO  c.baidu.pikaq.client.test.tests.simpletest.error.RabbitQCreateLocalErrorTestCase - checking Db data.......
 2015-07-31 21:51:57,328 [main] INFO  c.baidu.pikaq.client.test.tests.simpletest.error.RabbitQCreateLocalErrorTestCase - checking Q data.......
 2015-07-31 21:51:57,363 [main] DEBUG com.baidu.pikaq.core.db.commit.executor.CommitExecutorBaseImpl - Submitting new runnable com.baidu.pikaq.client.producer.gateway.impl.PikaQGatewayDefaultImpl$3@56879a04 to run around commit
 2015-07-31 21:51:57,364 [main] DEBUG com.baidu.pikaq.core.db.commit.executor.CommitExecutorBaseImpl - Submitting new runnable com.baidu.pikaq.client.producer.gateway.impl.PikaQGatewayDefaultImpl$1@6090a8fd to run around commit
 2015-07-31 21:51:57,364 [main] DEBUG com.baidu.pikaq.core.db.commit.executor.BeforeCommitExecutorDefaultImpl - Transaction beforeCompletion
 2015-07-31 21:51:57,364 [main] DEBUG com.baidu.pikaq.core.db.commit.executor.AfterCommitExecutorDefaultImpl - Transaction completed with status ROLLED_BACK
 2015-07-31 21:51:57,367 [main] INFO  com.baidu.pikaq.client.test.tests.simpletest.error.PikaQCreateLocalErrorTestCase - checking Db data.......
 2015-07-31 21:51:57,369 [main] INFO  com.baidu.pikaq.client.test.tests.simpletest.error.PikaQCreateLocalErrorTestCase - checking Q data.......
 2015-07-31 21:51:57,404 [main] INFO  com.baidu.pikaq.client.test.tests.simpletest.error.RabbitQCreateQErrorTestCase - checking Db data.......
 2015-07-31 21:51:57,405 [main] INFO  com.baidu.pikaq.client.test.tests.simpletest.error.RabbitQCreateQErrorTestCase - checking Q data.......
 2015-07-31 22:13:48,529 [main] INFO  com.baidu.pikaq.client.test.tests.simpletest.error.PikaQCreateQErrorTestCase - checking Db data.......
 2015-07-31 22:13:48,609 [main] INFO  com.baidu.pikaq.client.test.tests.simpletest.PIkaQUpdateTestCase - Campaign{price=343434, name='demo', createTime='', updateTime='20150720150835'}
 2015-07-31 22:13:48,662 [main] INFO  c.baidu.pikaq.client.test.tests.simpletest.error.RabbitQCreateLocalErrorTestCase - 
 2015-07-31 22:13:48,667 [main] INFO  c.baidu.pikaq.client.test.tests.simpletest.error.RabbitQCreateLocalErrorTestCase - checking Db data.......
 2015-07-31 22:13:48,668 [main] INFO  c.baidu.pikaq.client.test.tests.simpletest.error.RabbitQCreateLocalErrorTestCase - checking Q data.......
 2015-07-31 22:13:48,720 [main] INFO  com.baidu.pikaq.client.test.tests.simpletest.error.PikaQCreateLocalErrorTestCase - 
 2015-07-31 22:13:48,722 [main] INFO  com.baidu.pikaq.client.test.tests.simpletest.error.PikaQCreateLocalErrorTestCase - checking Db data.......
 2015-07-31 22:13:48,723 [main] INFO  com.baidu.pikaq.client.test.tests.simpletest.error.PikaQCreateLocalErrorTestCase - checking Q data.......
 2015-07-31 22:13:48,775 [main] INFO  com.baidu.pikaq.client.test.tests.simpletest.error.RabbitQCreateQErrorTestCase - 
 2015-07-31 22:13:48,776 [main] INFO  com.baidu.pikaq.client.test.tests.simpletest.error.RabbitQCreateQErrorTestCase - checking Db data.......
 2015-07-31 22:13:48,777 [main] INFO  com.baidu.pikaq.client.test.tests.simpletest.error.RabbitQCreateQErrorTestCase - checking Q data.......
 2015-07-31 22:33:10,233 [main] DEBUG com.baidu.pikaq.core.db.commit.executor.CommitExecutorBaseImpl - Submitting new runnable com.baidu.pikaq.client.producer.gateway.impl.PikaQGatewayDefaultImpl$3@46b7c4a0 to run around commit
 2015-07-31 22:33:10,277 [main] DEBUG com.baidu.pikaq.core.db.commit.executor.CommitExecutorBaseImpl - Submitting new runnable com.baidu.pikaq.client.producer.gateway.impl.PikaQGatewayDefaultImpl$1@31b3f7f4 to run around commit
 2015-07-31 22:33:10,280 [main] DEBUG com.baidu.pikaq.core.db.commit.executor.BeforeCommitExecutorDefaultImpl - Transaction beforeCommit, executing 1 runnables
 2015-07-31 22:33:10,284 [main] DEBUG com.baidu.pikaq.core.db.commit.executor.BeforeCommitExecutorDefaultImpl - Executing runnable com.baidu.pikaq.client.producer.gateway.impl.PikaQGatewayDefaultImpl$3@46b7c4a0
 2015-07-31 22:33:10,459 [main] DEBUG com.baidu.pikaq.core.db.store.impl.DbStoreProducerResolver - save pikaq data to db.
 2015-07-31 22:33:10,649 [main] DEBUG com.baidu.pikaq.core.db.commit.executor.BeforeCommitExecutorDefaultImpl - Transaction beforeCompletion
 2015-07-31 22:33:10,650 [main] DEBUG com.baidu.pikaq.core.db.commit.executor.AfterCommitExecutorDefaultImpl - Transaction successfully committed, executing 1 runnables
 2015-07-31 22:33:10,650 [main] DEBUG com.baidu.pikaq.core.db.commit.executor.AfterCommitExecutorDefaultImpl - Executing runnable com.baidu.pikaq.client.producer.gateway.impl.PikaQGatewayDefaultImpl$1@31b3f7f4
 2015-07-31 22:33:10,651 [main] DEBUG com.baidu.pikaq.core.db.commit.executor.AfterCommitExecutorDefaultImpl - Transaction completed with status COMMITTED
 2015-07-31 22:33:10,656 [main] INFO  com.baidu.pikaq.client.test.tests.simpletest.PikaQSendTestCase - MockObject{correlation='92d8561f-3d72-4fc5-844b-73a79810e128', object=CampaignPikaMessage{price=264842, name='campaign264842'}}
 2015-07-31 22:33:10,813 [main] DEBUG com.baidu.pikaq.core.db.commit.executor.CommitExecutorBaseImpl - Submitting new runnable com.baidu.pikaq.client.producer.gateway.impl.PikaQGatewayDefaultImpl$3@767eb59 to run around commit
 2015-07-31 22:33:10,814 [main] DEBUG com.baidu.pikaq.core.db.commit.executor.CommitExecutorBaseImpl - Submitting new runnable com.baidu.pikaq.client.producer.gateway.impl.PikaQGatewayDefaultImpl$1@378c23db to run around commit
 2015-07-31 22:33:10,815 [main] DEBUG com.baidu.pikaq.core.db.commit.executor.BeforeCommitExecutorDefaultImpl - Transaction beforeCommit, executing 1 runnables
 2015-07-31 22:33:10,815 [main] DEBUG com.baidu.pikaq.core.db.commit.executor.BeforeCommitExecutorDefaultImpl - Executing runnable com.baidu.pikaq.client.producer.gateway.impl.PikaQGatewayDefaultImpl$3@767eb59
 2015-07-31 22:33:10,815 [main] DEBUG com.baidu.pikaq.core.db.store.impl.DbStoreProducerResolver - save pikaq data to db.
 2015-07-31 22:33:10,817 [main] DEBUG com.baidu.pikaq.core.db.commit.executor.BeforeCommitExecutorDefaultImpl - Transaction beforeCompletion
 2015-07-31 22:33:10,818 [main] DEBUG com.baidu.pikaq.core.db.commit.executor.AfterCommitExecutorDefaultImpl - Transaction successfully committed, executing 1 runnables
 2015-07-31 22:33:10,831 [main] DEBUG com.baidu.pikaq.core.db.commit.executor.AfterCommitExecutorDefaultImpl - Executing runnable com.baidu.pikaq.client.producer.gateway.impl.PikaQGatewayDefaultImpl$1@378c23db
 2015-07-31 22:33:10,832 [main] DEBUG com.baidu.pikaq.core.db.commit.executor.AfterCommitExecutorDefaultImpl - Transaction completed with status COMMITTED
 2015-07-31 22:33:10,832 [main] INFO  com.baidu.pikaq.client.test.tests.simpletest.PikaQCreateTestCase - checking Db data.......
 2015-07-31 22:33:10,935 [main] INFO  com.baidu.pikaq.client.test.tests.simpletest.PikaQCreateTestCase - Campaign{price=3998473, name='campaign3998473', createTime='20150731223310', updateTime=''}
 2015-07-31 22:33:10,935 [main] INFO  com.baidu.pikaq.client.test.tests.simpletest.PikaQCreateTestCase - checking Q data.......
 2015-07-31 22:33:10,937 [main] INFO  com.baidu.pikaq.client.test.tests.simpletest.PikaQCreateTestCase - MockObject{correlation='90883b60-b5aa-4f88-b01d-a2e3039fbda6', object=CampaignPikaMessage{price=3998473, name='campaign3998473'}}
 2015-07-31 22:33:10,947 [main] INFO  com.baidu.pikaq.client.test.tests.simpletest.PikaQCreateTestCase - PikaData{correlation='90883b60-b5aa-4f88-b01d-a2e3039fbda6', createTime='20150731223310', updateTime='20150731223310', data='{"name":"campaign3998473","price":3998473}', status=0, infoMsg='', consumeTime=0, retryCount=0, exchange='pikaQWebDemoExchange', routerKey='logMessageInfo.info'}
 2015-07-31 22:33:11,166 [main] DEBUG com.baidu.pikaq.core.db.commit.executor.CommitExecutorBaseImpl - Submitting new runnable com.baidu.pikaq.client.producer.gateway.impl.PikaQGatewayDefaultImpl$3@4328bd54 to run around commit
 2015-07-31 22:33:11,168 [main] DEBUG com.baidu.pikaq.core.db.commit.executor.CommitExecutorBaseImpl - Submitting new runnable com.baidu.pikaq.client.producer.gateway.impl.PikaQGatewayDefaultImpl$1@14cc2c8 to run around commit
 2015-07-31 22:33:11,169 [main] DEBUG com.baidu.pikaq.core.db.commit.executor.BeforeCommitExecutorDefaultImpl - Transaction beforeCommit, executing 1 runnables
 2015-07-31 22:33:11,169 [main] DEBUG com.baidu.pikaq.core.db.commit.executor.BeforeCommitExecutorDefaultImpl - Executing runnable com.baidu.pikaq.client.producer.gateway.impl.PikaQGatewayDefaultImpl$3@4328bd54
 2015-07-31 22:33:11,222 [main] DEBUG com.baidu.pikaq.core.db.store.impl.DbStoreProducerResolver - save pikaq data to db.
 2015-07-31 22:33:11,225 [main] DEBUG com.baidu.pikaq.core.db.commit.executor.BeforeCommitExecutorDefaultImpl - Transaction beforeCompletion
 2015-07-31 22:33:11,226 [main] DEBUG com.baidu.pikaq.core.db.commit.executor.AfterCommitExecutorDefaultImpl - Transaction successfully committed, executing 1 runnables
 2015-07-31 22:33:11,226 [main] DEBUG com.baidu.pikaq.core.db.commit.executor.AfterCommitExecutorDefaultImpl - Executing runnable com.baidu.pikaq.client.producer.gateway.impl.PikaQGatewayDefaultImpl$1@14cc2c8
 2015-07-31 22:33:11,226 [main] DEBUG com.baidu.pikaq.core.db.store.impl.DbStoreProducerResolver - pikaq data encounter error: java.lang.RuntimeException: oh ... no ... pikaQ throw exception
 2015-07-31 22:33:11,233 [main] DEBUG com.baidu.pikaq.core.db.commit.executor.AfterCommitExecutorDefaultImpl - Transaction completed with status COMMITTED
 2015-07-31 22:33:11,234 [main] INFO  com.baidu.pikaq.client.test.tests.simpletest.error.PikaQCreateQErrorTestCase - checking Db data.......
 2015-07-31 22:33:11,235 [main] INFO  com.baidu.pikaq.client.test.tests.simpletest.error.PikaQCreateQErrorTestCase - Campaign{price=3812386, name='campaign3812386', createTime='20150731223311', updateTime=''}
 2015-07-31 22:33:11,236 [main] INFO  com.baidu.pikaq.client.test.tests.simpletest.error.PikaQCreateQErrorTestCase - checking Q data.......
 2015-07-31 22:33:11,238 [main] INFO  com.baidu.pikaq.client.test.tests.simpletest.error.PikaQCreateQErrorTestCase - PikaData{correlation='dab48c31-c56d-4947-aa51-e295d1c7d539', createTime='20150731223311', updateTime='20150731223311', data='{"name":"campaign3812386","price":3812386}', status=1, infoMsg='java.lang.RuntimeException: oh ... no ... pikaQ throw exception', consumeTime=0, retryCount=0, exchange='pikaQWebDemoExchange', routerKey='logMessageInfo.error'}
 2015-07-31 22:33:11,275 [main] INFO  com.baidu.pikaq.client.test.tests.simpletest.PIkaQUpdateTestCase - Campaign{price=343434, name='demo', createTime='', updateTime='20150720150835'}
 2015-07-31 22:33:11,302 [main] DEBUG com.baidu.pikaq.core.db.commit.executor.CommitExecutorBaseImpl - Submitting new runnable com.baidu.pikaq.client.producer.gateway.impl.PikaQGatewayDefaultImpl$1@3dd2c849 to run around commit
 2015-07-31 22:33:11,302 [main] DEBUG com.baidu.pikaq.core.db.commit.executor.AfterCommitExecutorDefaultImpl - Transaction successfully committed, executing 1 runnables
 2015-07-31 22:33:11,302 [main] DEBUG com.baidu.pikaq.core.db.commit.executor.AfterCommitExecutorDefaultImpl - Executing runnable com.baidu.pikaq.client.producer.gateway.impl.PikaQGatewayDefaultImpl$1@3dd2c849
 2015-07-31 22:33:11,302 [main] DEBUG com.baidu.pikaq.core.db.commit.executor.AfterCommitExecutorDefaultImpl - Transaction completed with status COMMITTED
 2015-07-31 22:33:11,303 [main] INFO  com.baidu.pikaq.client.test.tests.simpletest.PIkaQUpdateTestCase - checking Q data.......
 2015-07-31 22:33:11,303 [main] INFO  com.baidu.pikaq.client.test.tests.simpletest.PIkaQUpdateTestCase - MockObject{correlation='45e04a37-3c41-4aeb-bfb7-cd0f18f8c6f7', object=CampaignPikaMessage{price=16981, name='demo'}}
 2015-07-31 22:33:11,311 [main] INFO  com.baidu.pikaq.client.test.tests.simpletest.PIkaQUpdateTestCase - checking Db data.......
 2015-07-31 22:33:11,351 [main] INFO  com.baidu.pikaq.client.test.tests.simpletest.PIkaQUpdateTestCase - Campaign{price=16981, name='demo', createTime='', updateTime='20150731223311'}
 2015-07-31 22:33:11,623 [main] INFO  c.baidu.pikaq.client.test.tests.simpletest.error.RabbitQCreateLocalErrorTestCase - 
 2015-07-31 22:33:11,624 [main] INFO  c.baidu.pikaq.client.test.tests.simpletest.error.RabbitQCreateLocalErrorTestCase - checking Db data.......
 2015-07-31 22:33:11,627 [main] INFO  c.baidu.pikaq.client.test.tests.simpletest.error.RabbitQCreateLocalErrorTestCase - checking Q data.......
 2015-07-31 22:33:11,988 [main] DEBUG com.baidu.pikaq.core.db.commit.executor.CommitExecutorBaseImpl - Submitting new runnable com.baidu.pikaq.client.producer.gateway.impl.PikaQGatewayDefaultImpl$3@61030759 to run around commit
 2015-07-31 22:33:12,033 [main] DEBUG com.baidu.pikaq.core.db.commit.executor.CommitExecutorBaseImpl - Submitting new runnable com.baidu.pikaq.client.producer.gateway.impl.PikaQGatewayDefaultImpl$1@dd795d1 to run around commit
 2015-07-31 22:33:12,036 [main] DEBUG com.baidu.pikaq.core.db.commit.executor.BeforeCommitExecutorDefaultImpl - Transaction beforeCompletion
 2015-07-31 22:33:12,048 [main] DEBUG com.baidu.pikaq.core.db.commit.executor.AfterCommitExecutorDefaultImpl - Transaction completed with status ROLLED_BACK
 2015-07-31 22:33:12,050 [main] INFO  com.baidu.pikaq.client.test.tests.simpletest.error.PikaQCreateLocalErrorTestCase - 
 2015-07-31 22:33:12,052 [main] INFO  com.baidu.pikaq.client.test.tests.simpletest.error.PikaQCreateLocalErrorTestCase - checking Db data.......
 2015-07-31 22:33:12,053 [main] INFO  com.baidu.pikaq.client.test.tests.simpletest.error.PikaQCreateLocalErrorTestCase - checking Q data.......
 2015-07-31 22:33:12,125 [main] INFO  com.baidu.pikaq.client.test.tests.simpletest.error.RabbitQCreateQErrorTestCase - 
 2015-07-31 22:33:12,127 [main] INFO  com.baidu.pikaq.client.test.tests.simpletest.error.RabbitQCreateQErrorTestCase - checking Db data.......
 2015-07-31 22:33:12,128 [main] INFO  com.baidu.pikaq.client.test.tests.simpletest.error.RabbitQCreateQErrorTestCase - checking Q data.......
 2015-07-31 22:33:59,236 [main] DEBUG com.baidu.pikaq.core.db.commit.executor.CommitExecutorBaseImpl - Submitting new runnable com.baidu.pikaq.client.producer.gateway.impl.PikaQGatewayDefaultImpl$3@43e9f14d to run around commit
 2015-07-31 22:33:59,240 [main] DEBUG com.baidu.pikaq.core.db.commit.executor.CommitExecutorBaseImpl - Submitting new runnable com.baidu.pikaq.client.producer.gateway.impl.PikaQGatewayDefaultImpl$1@7d33dbab to run around commit
 2015-07-31 22:33:59,242 [main] DEBUG com.baidu.pikaq.core.db.commit.executor.BeforeCommitExecutorDefaultImpl - Transaction beforeCommit, executing 1 runnables
 2015-07-31 22:33:59,243 [main] DEBUG com.baidu.pikaq.core.db.commit.executor.BeforeCommitExecutorDefaultImpl - Executing runnable com.baidu.pikaq.client.producer.gateway.impl.PikaQGatewayDefaultImpl$3@43e9f14d
 2015-07-31 22:33:59,244 [main] DEBUG com.baidu.pikaq.core.db.store.impl.DbStoreProducerResolver - save pikaq data to db.
 2015-07-31 22:33:59,310 [main] DEBUG com.baidu.pikaq.core.db.commit.executor.BeforeCommitExecutorDefaultImpl - Transaction beforeCompletion
 2015-07-31 22:33:59,313 [main] DEBUG com.baidu.pikaq.core.db.commit.executor.AfterCommitExecutorDefaultImpl - Transaction successfully committed, executing 1 runnables
 2015-07-31 22:33:59,315 [main] DEBUG com.baidu.pikaq.core.db.commit.executor.AfterCommitExecutorDefaultImpl - Executing runnable com.baidu.pikaq.client.producer.gateway.impl.PikaQGatewayDefaultImpl$1@7d33dbab
 2015-07-31 22:33:59,316 [main] DEBUG com.baidu.pikaq.core.db.commit.executor.AfterCommitExecutorDefaultImpl - Transaction completed with status COMMITTED
 2015-07-31 22:33:59,319 [main] INFO  com.baidu.pikaq.client.test.tests.simpletest.PikaQSendTestCase - MockObject{correlation='d7e1eaed-f2f2-46b9-8500-4765623302cf', object=CampaignPikaMessage{price=3233314, name='campaign3233314'}}
 2015-07-31 22:33:59,412 [main] DEBUG com.baidu.pikaq.core.db.commit.executor.CommitExecutorBaseImpl - Submitting new runnable com.baidu.pikaq.client.producer.gateway.impl.PikaQGatewayDefaultImpl$3@6f310c0 to run around commit
 2015-07-31 22:33:59,412 [main] DEBUG com.baidu.pikaq.core.db.commit.executor.CommitExecutorBaseImpl - Submitting new runnable com.baidu.pikaq.client.producer.gateway.impl.PikaQGatewayDefaultImpl$1@3fd0b0d0 to run around commit
 2015-07-31 22:33:59,412 [main] DEBUG com.baidu.pikaq.core.db.commit.executor.BeforeCommitExecutorDefaultImpl - Transaction beforeCommit, executing 1 runnables
 2015-07-31 22:33:59,412 [main] DEBUG com.baidu.pikaq.core.db.commit.executor.BeforeCommitExecutorDefaultImpl - Executing runnable com.baidu.pikaq.client.producer.gateway.impl.PikaQGatewayDefaultImpl$3@6f310c0
 2015-07-31 22:33:59,412 [main] DEBUG com.baidu.pikaq.core.db.store.impl.DbStoreProducerResolver - save pikaq data to db.
 2015-07-31 22:33:59,413 [main] DEBUG com.baidu.pikaq.core.db.commit.executor.BeforeCommitExecutorDefaultImpl - Transaction beforeCompletion
 2015-07-31 22:33:59,414 [main] DEBUG com.baidu.pikaq.core.db.commit.executor.AfterCommitExecutorDefaultImpl - Transaction successfully committed, executing 1 runnables
 2015-07-31 22:33:59,414 [main] DEBUG com.baidu.pikaq.core.db.commit.executor.AfterCommitExecutorDefaultImpl - Executing runnable com.baidu.pikaq.client.producer.gateway.impl.PikaQGatewayDefaultImpl$1@3fd0b0d0
 2015-07-31 22:33:59,414 [main] DEBUG com.baidu.pikaq.core.db.commit.executor.AfterCommitExecutorDefaultImpl - Transaction completed with status COMMITTED
 2015-07-31 22:33:59,415 [main] INFO  com.baidu.pikaq.client.test.tests.simpletest.PikaQCreateTestCase - checking Db data.......
 2015-07-31 22:33:59,433 [main] INFO  com.baidu.pikaq.client.test.tests.simpletest.PikaQCreateTestCase - Campaign{price=8666459, name='campaign8666459', createTime='20150731223359', updateTime=''}
 2015-07-31 22:33:59,434 [main] INFO  com.baidu.pikaq.client.test.tests.simpletest.PikaQCreateTestCase - checking Q data.......
 2015-07-31 22:33:59,434 [main] INFO  com.baidu.pikaq.client.test.tests.simpletest.PikaQCreateTestCase - MockObject{correlation='f25bfd21-5f79-4246-8b0b-afb135b42fef', object=CampaignPikaMessage{price=8666459, name='campaign8666459'}}
 2015-07-31 22:33:59,445 [main] INFO  com.baidu.pikaq.client.test.tests.simpletest.PikaQCreateTestCase - PikaData{correlation='f25bfd21-5f79-4246-8b0b-afb135b42fef', createTime='20150731223359', updateTime='20150731223359', data='{"name":"campaign8666459","price":8666459}', status=0, infoMsg='', consumeTime=0, retryCount=0, exchange='pikaQWebDemoExchange', routerKey='logMessageInfo.info'}
 2015-07-31 22:33:59,563 [main] DEBUG com.baidu.pikaq.core.db.commit.executor.CommitExecutorBaseImpl - Submitting new runnable com.baidu.pikaq.client.producer.gateway.impl.PikaQGatewayDefaultImpl$3@595b5054 to run around commit
 2015-07-31 22:33:59,563 [main] DEBUG com.baidu.pikaq.core.db.commit.executor.CommitExecutorBaseImpl - Submitting new runnable com.baidu.pikaq.client.producer.gateway.impl.PikaQGatewayDefaultImpl$1@41229eee to run around commit
 2015-07-31 22:33:59,563 [main] DEBUG com.baidu.pikaq.core.db.commit.executor.BeforeCommitExecutorDefaultImpl - Transaction beforeCommit, executing 1 runnables
 2015-07-31 22:33:59,563 [main] DEBUG com.baidu.pikaq.core.db.commit.executor.BeforeCommitExecutorDefaultImpl - Executing runnable com.baidu.pikaq.client.producer.gateway.impl.PikaQGatewayDefaultImpl$3@595b5054
 2015-07-31 22:33:59,563 [main] DEBUG com.baidu.pikaq.core.db.store.impl.DbStoreProducerResolver - save pikaq data to db.
 2015-07-31 22:33:59,565 [main] DEBUG com.baidu.pikaq.core.db.commit.executor.BeforeCommitExecutorDefaultImpl - Transaction beforeCompletion
 2015-07-31 22:33:59,566 [main] DEBUG com.baidu.pikaq.core.db.commit.executor.AfterCommitExecutorDefaultImpl - Transaction successfully committed, executing 1 runnables
 2015-07-31 22:33:59,566 [main] DEBUG com.baidu.pikaq.core.db.commit.executor.AfterCommitExecutorDefaultImpl - Executing runnable com.baidu.pikaq.client.producer.gateway.impl.PikaQGatewayDefaultImpl$1@41229eee
 2015-07-31 22:33:59,567 [main] DEBUG com.baidu.pikaq.core.db.store.impl.DbStoreProducerResolver - pikaq data encounter error: java.lang.RuntimeException: oh ... no ... pikaQ throw exception
 2015-07-31 22:33:59,595 [main] DEBUG com.baidu.pikaq.core.db.commit.executor.AfterCommitExecutorDefaultImpl - Transaction completed with status COMMITTED
 2015-07-31 22:33:59,597 [main] INFO  com.baidu.pikaq.client.test.tests.simpletest.error.PikaQCreateQErrorTestCase - checking Db data.......
 2015-07-31 22:33:59,599 [main] INFO  com.baidu.pikaq.client.test.tests.simpletest.error.PikaQCreateQErrorTestCase - Campaign{price=3996075, name='campaign3996075', createTime='20150731223359', updateTime=''}
 2015-07-31 22:33:59,599 [main] INFO  com.baidu.pikaq.client.test.tests.simpletest.error.PikaQCreateQErrorTestCase - checking Q data.......
 2015-07-31 22:33:59,602 [main] INFO  com.baidu.pikaq.client.test.tests.simpletest.error.PikaQCreateQErrorTestCase - PikaData{correlation='15346255-8226-48bd-842e-09221e5dccea', createTime='20150731223359', updateTime='20150731223359', data='{"name":"campaign3996075","price":3996075}', status=1, infoMsg='java.lang.RuntimeException: oh ... no ... pikaQ throw exception', consumeTime=0, retryCount=0, exchange='pikaQWebDemoExchange', routerKey='logMessageInfo.error'}
 2015-07-31 22:33:59,679 [main] INFO  com.baidu.pikaq.client.test.tests.simpletest.PIkaQUpdateTestCase - Campaign{price=343434, name='demo', createTime='', updateTime='20150720150835'}
 2015-07-31 22:33:59,683 [main] DEBUG com.baidu.pikaq.core.db.commit.executor.CommitExecutorBaseImpl - Submitting new runnable com.baidu.pikaq.client.producer.gateway.impl.PikaQGatewayDefaultImpl$1@2692dfbe to run around commit
 2015-07-31 22:33:59,685 [main] DEBUG com.baidu.pikaq.core.db.commit.executor.AfterCommitExecutorDefaultImpl - Transaction successfully committed, executing 1 runnables
 2015-07-31 22:33:59,709 [main] DEBUG com.baidu.pikaq.core.db.commit.executor.AfterCommitExecutorDefaultImpl - Executing runnable com.baidu.pikaq.client.producer.gateway.impl.PikaQGatewayDefaultImpl$1@2692dfbe
 2015-07-31 22:33:59,709 [main] DEBUG com.baidu.pikaq.core.db.commit.executor.AfterCommitExecutorDefaultImpl - Transaction completed with status COMMITTED
 2015-07-31 22:33:59,710 [main] INFO  com.baidu.pikaq.client.test.tests.simpletest.PIkaQUpdateTestCase - checking Q data.......
 2015-07-31 22:33:59,710 [main] INFO  com.baidu.pikaq.client.test.tests.simpletest.PIkaQUpdateTestCase - MockObject{correlation='8b173a66-906d-4728-acf5-fa8bb9f9c4b1', object=CampaignPikaMessage{price=29697, name='demo'}}
 2015-07-31 22:33:59,712 [main] INFO  com.baidu.pikaq.client.test.tests.simpletest.PIkaQUpdateTestCase - checking Db data.......
 2015-07-31 22:33:59,758 [main] INFO  com.baidu.pikaq.client.test.tests.simpletest.PIkaQUpdateTestCase - Campaign{price=29697, name='demo', createTime='', updateTime='20150731223359'}
 2015-07-31 22:33:59,856 [main] INFO  c.baidu.pikaq.client.test.tests.simpletest.error.RabbitQCreateLocalErrorTestCase - 
 2015-07-31 22:33:59,858 [main] INFO  c.baidu.pikaq.client.test.tests.simpletest.error.RabbitQCreateLocalErrorTestCase - checking Db data.......
 2015-07-31 22:33:59,860 [main] INFO  c.baidu.pikaq.client.test.tests.simpletest.error.RabbitQCreateLocalErrorTestCase - checking Q data.......
 2015-07-31 22:33:59,973 [main] DEBUG com.baidu.pikaq.core.db.commit.executor.CommitExecutorBaseImpl - Submitting new runnable com.baidu.pikaq.client.producer.gateway.impl.PikaQGatewayDefaultImpl$3@90e1c5c to run around commit
 2015-07-31 22:33:59,974 [main] DEBUG com.baidu.pikaq.core.db.commit.executor.CommitExecutorBaseImpl - Submitting new runnable com.baidu.pikaq.client.producer.gateway.impl.PikaQGatewayDefaultImpl$1@7d67e0a8 to run around commit
 2015-07-31 22:33:59,974 [main] DEBUG com.baidu.pikaq.core.db.commit.executor.BeforeCommitExecutorDefaultImpl - Transaction beforeCompletion
 2015-07-31 22:33:59,974 [main] DEBUG com.baidu.pikaq.core.db.commit.executor.AfterCommitExecutorDefaultImpl - Transaction completed with status ROLLED_BACK
 2015-07-31 22:33:59,974 [main] INFO  com.baidu.pikaq.client.test.tests.simpletest.error.PikaQCreateLocalErrorTestCase - 
 2015-07-31 22:33:59,975 [main] INFO  com.baidu.pikaq.client.test.tests.simpletest.error.PikaQCreateLocalErrorTestCase - checking Db data.......
 2015-07-31 22:33:59,979 [main] INFO  com.baidu.pikaq.client.test.tests.simpletest.error.PikaQCreateLocalErrorTestCase - checking Q data.......
 2015-07-31 22:34:00,039 [main] INFO  com.baidu.pikaq.client.test.tests.simpletest.error.RabbitQCreateQErrorTestCase - 
 2015-07-31 22:34:00,040 [main] INFO  com.baidu.pikaq.client.test.tests.simpletest.error.RabbitQCreateQErrorTestCase - checking Db data.......
 2015-07-31 22:34:00,043 [main] INFO  com.baidu.pikaq.client.test.tests.simpletest.error.RabbitQCreateQErrorTestCase - checking Q data.......
 2015-07-31 22:35:55,708 [main] DEBUG com.baidu.pikaq.core.db.commit.executor.CommitExecutorBaseImpl - Submitting new runnable com.baidu.pikaq.client.producer.gateway.impl.PikaQGatewayDefaultImpl$3@70b5dddf to run around commit
 2015-07-31 22:35:55,712 [main] DEBUG com.baidu.pikaq.core.db.commit.executor.CommitExecutorBaseImpl - Submitting new runnable com.baidu.pikaq.client.producer.gateway.impl.PikaQGatewayDefaultImpl$1@5a4f7dc0 to run around commit
 2015-07-31 22:35:55,713 [main] DEBUG com.baidu.pikaq.core.db.commit.executor.BeforeCommitExecutorDefaultImpl - Transaction beforeCommit, executing 1 runnables
 2015-07-31 22:35:55,713 [main] DEBUG com.baidu.pikaq.core.db.commit.executor.BeforeCommitExecutorDefaultImpl - Executing runnable com.baidu.pikaq.client.producer.gateway.impl.PikaQGatewayDefaultImpl$3@70b5dddf
 2015-07-31 22:35:55,714 [main] DEBUG com.baidu.pikaq.core.db.store.impl.DbStoreProducerResolver - save pikaq data to db.
 2015-07-31 22:35:55,783 [main] DEBUG com.baidu.pikaq.core.db.commit.executor.BeforeCommitExecutorDefaultImpl - Transaction beforeCompletion
 2015-07-31 22:35:55,784 [main] DEBUG com.baidu.pikaq.core.db.commit.executor.AfterCommitExecutorDefaultImpl - Transaction successfully committed, executing 1 runnables
 2015-07-31 22:35:55,784 [main] DEBUG com.baidu.pikaq.core.db.commit.executor.AfterCommitExecutorDefaultImpl - Executing runnable com.baidu.pikaq.client.producer.gateway.impl.PikaQGatewayDefaultImpl$1@5a4f7dc0
 2015-07-31 22:35:55,785 [main] DEBUG com.baidu.pikaq.core.db.commit.executor.AfterCommitExecutorDefaultImpl - Transaction completed with status COMMITTED
 2015-07-31 22:35:55,790 [main] INFO  com.baidu.pikaq.client.test.tests.simpletest.PikaQSendTestCase - MockObject{correlation='ea359cd0-68ba-4512-85a5-34c9d64027d8', object=CampaignPikaMessage{price=9630446, name='campaign9630446'}}
 2015-07-31 22:35:55,850 [main] DEBUG com.baidu.pikaq.core.db.commit.executor.CommitExecutorBaseImpl - Submitting new runnable com.baidu.pikaq.client.producer.gateway.impl.PikaQGatewayDefaultImpl$3@43debc5c to run around commit
 2015-07-31 22:35:55,850 [main] DEBUG com.baidu.pikaq.core.db.commit.executor.CommitExecutorBaseImpl - Submitting new runnable com.baidu.pikaq.client.producer.gateway.impl.PikaQGatewayDefaultImpl$1@54205ed3 to run around commit
 2015-07-31 22:35:55,850 [main] DEBUG com.baidu.pikaq.core.db.commit.executor.BeforeCommitExecutorDefaultImpl - Transaction beforeCommit, executing 1 runnables
 2015-07-31 22:35:55,850 [main] DEBUG com.baidu.pikaq.core.db.commit.executor.BeforeCommitExecutorDefaultImpl - Executing runnable com.baidu.pikaq.client.producer.gateway.impl.PikaQGatewayDefaultImpl$3@43debc5c
 2015-07-31 22:35:55,851 [main] DEBUG com.baidu.pikaq.core.db.store.impl.DbStoreProducerResolver - save pikaq data to db.
 2015-07-31 22:35:55,852 [main] DEBUG com.baidu.pikaq.core.db.commit.executor.BeforeCommitExecutorDefaultImpl - Transaction beforeCompletion
 2015-07-31 22:35:55,852 [main] DEBUG com.baidu.pikaq.core.db.commit.executor.AfterCommitExecutorDefaultImpl - Transaction successfully committed, executing 1 runnables
 2015-07-31 22:35:55,853 [main] DEBUG com.baidu.pikaq.core.db.commit.executor.AfterCommitExecutorDefaultImpl - Executing runnable com.baidu.pikaq.client.producer.gateway.impl.PikaQGatewayDefaultImpl$1@54205ed3
 2015-07-31 22:35:55,853 [main] DEBUG com.baidu.pikaq.core.db.commit.executor.AfterCommitExecutorDefaultImpl - Transaction completed with status COMMITTED
 2015-07-31 22:35:55,854 [main] INFO  com.baidu.pikaq.client.test.tests.simpletest.PikaQCreateTestCase - checking Db data.......
 2015-07-31 22:35:55,869 [main] INFO  com.baidu.pikaq.client.test.tests.simpletest.PikaQCreateTestCase - Campaign{price=6684198, name='campaign6684198', createTime='20150731223555', updateTime=''}
 2015-07-31 22:35:55,870 [main] INFO  com.baidu.pikaq.client.test.tests.simpletest.PikaQCreateTestCase - checking Q data.......
 2015-07-31 22:35:55,870 [main] INFO  com.baidu.pikaq.client.test.tests.simpletest.PikaQCreateTestCase - MockObject{correlation='0f750aa8-490c-4e41-af3a-0b4e69a31728', object=CampaignPikaMessage{price=6684198, name='campaign6684198'}}
 2015-07-31 22:35:55,873 [main] INFO  com.baidu.pikaq.client.test.tests.simpletest.PikaQCreateTestCase - PikaData{correlation='0f750aa8-490c-4e41-af3a-0b4e69a31728', createTime='20150731223555', updateTime='20150731223555', data='{"name":"campaign6684198","price":6684198}', status=0, infoMsg='', consumeTime=0, retryCount=0, exchange='pikaQWebDemoExchange', routerKey='logMessageInfo.info'}
 2015-07-31 22:35:55,937 [main] DEBUG com.baidu.pikaq.core.db.commit.executor.CommitExecutorBaseImpl - Submitting new runnable com.baidu.pikaq.client.producer.gateway.impl.PikaQGatewayDefaultImpl$3@4328bd54 to run around commit
 2015-07-31 22:35:55,937 [main] DEBUG com.baidu.pikaq.core.db.commit.executor.CommitExecutorBaseImpl - Submitting new runnable com.baidu.pikaq.client.producer.gateway.impl.PikaQGatewayDefaultImpl$1@14cc2c8 to run around commit
 2015-07-31 22:35:55,937 [main] DEBUG com.baidu.pikaq.core.db.commit.executor.BeforeCommitExecutorDefaultImpl - Transaction beforeCommit, executing 1 runnables
 2015-07-31 22:35:55,937 [main] DEBUG com.baidu.pikaq.core.db.commit.executor.BeforeCommitExecutorDefaultImpl - Executing runnable com.baidu.pikaq.client.producer.gateway.impl.PikaQGatewayDefaultImpl$3@4328bd54
 2015-07-31 22:35:55,937 [main] DEBUG com.baidu.pikaq.core.db.store.impl.DbStoreProducerResolver - save pikaq data to db.
 2015-07-31 22:35:55,939 [main] DEBUG com.baidu.pikaq.core.db.commit.executor.BeforeCommitExecutorDefaultImpl - Transaction beforeCompletion
 2015-07-31 22:35:55,939 [main] DEBUG com.baidu.pikaq.core.db.commit.executor.AfterCommitExecutorDefaultImpl - Transaction successfully committed, executing 1 runnables
 2015-07-31 22:35:55,939 [main] DEBUG com.baidu.pikaq.core.db.commit.executor.AfterCommitExecutorDefaultImpl - Executing runnable com.baidu.pikaq.client.producer.gateway.impl.PikaQGatewayDefaultImpl$1@14cc2c8
 2015-07-31 22:35:55,940 [main] DEBUG com.baidu.pikaq.core.db.store.impl.DbStoreProducerResolver - pikaq data encounter error: java.lang.RuntimeException: oh ... no ... pikaQ throw exception
 2015-07-31 22:35:55,945 [main] DEBUG com.baidu.pikaq.core.db.commit.executor.AfterCommitExecutorDefaultImpl - Transaction completed with status COMMITTED
 2015-07-31 22:35:55,947 [main] INFO  com.baidu.pikaq.client.test.tests.simpletest.error.PikaQCreateQErrorTestCase - checking Db data.......
 2015-07-31 22:35:55,948 [main] INFO  com.baidu.pikaq.client.test.tests.simpletest.error.PikaQCreateQErrorTestCase - Campaign{price=3351999, name='campaign3351999', createTime='20150731223555', updateTime=''}
 2015-07-31 22:35:55,948 [main] INFO  com.baidu.pikaq.client.test.tests.simpletest.error.PikaQCreateQErrorTestCase - checking Q data.......
 2015-07-31 22:35:55,949 [main] INFO  com.baidu.pikaq.client.test.tests.simpletest.error.PikaQCreateQErrorTestCase - PikaData{correlation='2e16d8a6-f007-49a6-90e8-a5ccb2bb8ad8', createTime='20150731223555', updateTime='20150731223555', data='{"name":"campaign3351999","price":3351999}', status=1, infoMsg='java.lang.RuntimeException: oh ... no ... pikaQ throw exception', consumeTime=1, retryCount=0, exchange='pikaQWebDemoExchange', routerKey='logMessageInfo.error'}
 2015-07-31 22:35:55,972 [main] INFO  com.baidu.pikaq.client.test.tests.simpletest.PIkaQUpdateTestCase - Campaign{price=343434, name='demo', createTime='', updateTime='20150720150835'}
 2015-07-31 22:35:55,974 [main] DEBUG com.baidu.pikaq.core.db.commit.executor.CommitExecutorBaseImpl - Submitting new runnable com.baidu.pikaq.client.producer.gateway.impl.PikaQGatewayDefaultImpl$1@3dd2c849 to run around commit
 2015-07-31 22:35:55,975 [main] DEBUG com.baidu.pikaq.core.db.commit.executor.AfterCommitExecutorDefaultImpl - Transaction successfully committed, executing 1 runnables
 2015-07-31 22:35:55,975 [main] DEBUG com.baidu.pikaq.core.db.commit.executor.AfterCommitExecutorDefaultImpl - Executing runnable com.baidu.pikaq.client.producer.gateway.impl.PikaQGatewayDefaultImpl$1@3dd2c849
 2015-07-31 22:35:55,975 [main] DEBUG com.baidu.pikaq.core.db.commit.executor.AfterCommitExecutorDefaultImpl - Transaction completed with status COMMITTED
 2015-07-31 22:35:55,976 [main] INFO  com.baidu.pikaq.client.test.tests.simpletest.PIkaQUpdateTestCase - checking Q data.......
 2015-07-31 22:35:55,976 [main] INFO  com.baidu.pikaq.client.test.tests.simpletest.PIkaQUpdateTestCase - MockObject{correlation='6491364b-3c62-4f60-86c1-9abccc69825a', object=CampaignPikaMessage{price=23764, name='demo'}}
 2015-07-31 22:35:55,978 [main] INFO  com.baidu.pikaq.client.test.tests.simpletest.PIkaQUpdateTestCase - checking Db data.......
 2015-07-31 22:35:55,980 [main] INFO  com.baidu.pikaq.client.test.tests.simpletest.PIkaQUpdateTestCase - Campaign{price=23764, name='demo', createTime='', updateTime='20150731223555'}
 2015-07-31 22:35:56,018 [main] INFO  c.baidu.pikaq.client.test.tests.simpletest.error.RabbitQCreateLocalErrorTestCase - 
 2015-07-31 22:35:56,021 [main] INFO  c.baidu.pikaq.client.test.tests.simpletest.error.RabbitQCreateLocalErrorTestCase - checking Db data.......
 2015-07-31 22:35:56,024 [main] INFO  c.baidu.pikaq.client.test.tests.simpletest.error.RabbitQCreateLocalErrorTestCase - checking Q data.......
 2015-07-31 22:35:56,072 [main] DEBUG com.baidu.pikaq.core.db.commit.executor.CommitExecutorBaseImpl - Submitting new runnable com.baidu.pikaq.client.producer.gateway.impl.PikaQGatewayDefaultImpl$3@c86c441 to run around commit
 2015-07-31 22:35:56,072 [main] DEBUG com.baidu.pikaq.core.db.commit.executor.CommitExecutorBaseImpl - Submitting new runnable com.baidu.pikaq.client.producer.gateway.impl.PikaQGatewayDefaultImpl$1@63be8dd3 to run around commit
 2015-07-31 22:35:56,072 [main] DEBUG com.baidu.pikaq.core.db.commit.executor.BeforeCommitExecutorDefaultImpl - Transaction beforeCompletion
 2015-07-31 22:35:56,073 [main] DEBUG com.baidu.pikaq.core.db.commit.executor.AfterCommitExecutorDefaultImpl - Transaction completed with status ROLLED_BACK
 2015-07-31 22:35:56,073 [main] INFO  com.baidu.pikaq.client.test.tests.simpletest.error.PikaQCreateLocalErrorTestCase - 
 2015-07-31 22:35:56,075 [main] INFO  com.baidu.pikaq.client.test.tests.simpletest.error.PikaQCreateLocalErrorTestCase - checking Db data.......
 2015-07-31 22:35:56,076 [main] INFO  com.baidu.pikaq.client.test.tests.simpletest.error.PikaQCreateLocalErrorTestCase - checking Q data.......
 2015-07-31 22:35:56,122 [main] INFO  com.baidu.pikaq.client.test.tests.simpletest.error.RabbitQCreateQErrorTestCase - 
 2015-07-31 22:35:56,123 [main] INFO  com.baidu.pikaq.client.test.tests.simpletest.error.RabbitQCreateQErrorTestCase - checking Db data.......
 2015-07-31 22:35:56,124 [main] INFO  com.baidu.pikaq.client.test.tests.simpletest.error.RabbitQCreateQErrorTestCase - checking Q data.......
